<?xml version="1.0" encoding="UTF-8"?>
<!-- Generated by org.testng.reporters.JUnitReportReporter -->
<testsuite hostname="EQ-EQ6111199" failures="0" tests="1" name="getRequest.GetData" time="3.770" errors="0" timestamp="2020-11-14T09:38:54 EET" skipped="0">
  <testcase classname="getRequest.GetData" name="testResponseCode" time="3.770"/>
  <system-out/>
</testsuite> <!-- getRequest.GetData -->
